11:30:29.339 [com.intuit.karate.cli.Main.main()] INFO  com.intuit.karate - Karate version: 1.0.1
11:30:29.671 [com.intuit.karate.cli.Main.main()] DEBUG com.intuit.karate.Suite - [config] classpath:karate-config.js
11:30:29.715 [com.intuit.karate.cli.Main.main()] INFO  c.intuit.karate.core.FeatureRuntime - found scenario at line: 79
11:30:31.370 [com.intuit.karate.cli.Main.main()] INFO  com.intuit.karate - karate.env system property was: null 
11:30:31.381 [com.intuit.karate.cli.Main.main()] INFO  com.intuit.karate - >> lock acquired, begin callSingle: classpath:helpers/CreateToken.feature
11:30:33.093 [com.intuit.karate.cli.Main.main()] DEBUG com.intuit.karate - request:
1 > POST https://conduit.productionready.io/api/users/login
1 > Content-Type: application/json; charset=UTF-8
1 > Content-Length: 67
1 > Host: conduit.productionready.io
1 > Connection: Keep-Alive
1 > User-Agent: Apache-HttpClient/4.5.13 (Java/1.8.0_261)
1 > Accept-Encoding: gzip,deflate
{"user":{"password":"dagaokakao","email":"dagmara.weso@gmail.com"}}

11:30:33.956 [com.intuit.karate.cli.Main.main()] DEBUG com.intuit.karate - response time in milliseconds: 847
1 < 200
1 < Date: Fri, 02 Jul 2021 09:30:33 GMT
1 < Content-Type: application/json; charset=utf-8
1 < Transfer-Encoding: chunked
1 < Connection: keep-alive
1 < Cache-Control: max-age=0, private, must-revalidate
1 < ETag: W/"426e6860f2b87621b6e4b310b12011d6"
1 < Status: 200 OK
1 < Vary: Origin
1 < X-Content-Type-Options: nosniff
1 < X-Frame-Options: SAMEORIGIN
1 < X-Powered-By: Phusion Passenger 4.0.60
1 < X-Request-Id: e1d2f858-257e-4c39-98bf-836f6e4d6597
1 < X-Runtime: 0.093966
1 < X-XSS-Protection: 1; mode=block
1 < CF-Cache-Status: DYNAMIC
1 < Expect-CT: max-age=604800, report-uri="https://report-uri.cloudflare.com/cdn-cgi/beacon/expect-ct"
1 < Report-To: {"endpoints":[{"url":"https:\/\/a.nel.cloudflare.com\/report\/v2?s=H1KnUKEGC0uG5uC9JiEmD8r6P2GQI3Iok%2B0bVi8e6wytGxuSc42tJQuzxu6ixz2WnanSwOlhASGWPAvRa4OR33Q5yUTEHQpE71GHyEf9i%2F%2BgAMmHhWluuaM2hPySNLJ8Y0afhlBdJxU%3D"}],"group":"cf-nel","max_age":604800}
1 < NEL: {"report_to":"cf-nel","max_age":604800}
1 < Server: cloudflare
1 < CF-RAY: 6686db273b11416f-HAM
1 < alt-svc: h3-27=":443"; ma=86400, h3-28=":443"; ma=86400, h3-29=":443"; ma=86400, h3=":443"; ma=86400
{"user":{"createdAt":"2021-05-14T12:26:16.392Z","image":null,"bio":null,"id":169842,"email":"dagmara.weso@gmail.com","updatedAt":"2021-05-14T12:26:16.397Z","username":"Dagmara","token":"eyJ0eXAiOiJKV1QiLCJhbGciOiJIUzI1NiJ9.eyJpZCI6MTY5ODQyLCJ1c2VybmFtZSI6IkRhZ21hcmEiLCJleHAiOjE2MzA0MDIyMzN9.tPwiFOMD28Bw3zjTdG6vYVNjgjouZR3E7oMJUg7r9iE"}}
11:30:33.980 [com.intuit.karate.cli.Main.main()] INFO  com.intuit.karate - << lock released, cached callSingle: classpath:helpers/CreateToken.feature
11:30:34.013 [com.intuit.karate.cli.Main.main()] DEBUG com.intuit.karate - request:
1 > GET https://conduit.productionready.io/api/articles?offset=0&limit=10
1 > Authorization: Token eyJ0eXAiOiJKV1QiLCJhbGciOiJIUzI1NiJ9.eyJpZCI6MTY5ODQyLCJ1c2VybmFtZSI6IkRhZ21hcmEiLCJleHAiOjE2MzA0MDIyMzN9.tPwiFOMD28Bw3zjTdG6vYVNjgjouZR3E7oMJUg7r9iE
1 > Host: conduit.productionready.io
1 > Connection: Keep-Alive
1 > User-Agent: Apache-HttpClient/4.5.13 (Java/1.8.0_261)
1 > Accept-Encoding: gzip,deflate


11:30:35.330 [com.intuit.karate.cli.Main.main()] DEBUG com.intuit.karate - response time in milliseconds: 1310
1 < 200
1 < Date: Fri, 02 Jul 2021 09:30:35 GMT
1 < Content-Type: application/json; charset=utf-8
1 < Transfer-Encoding: chunked
1 < Connection: keep-alive
1 < Cache-Control: max-age=0, private, must-revalidate
1 < ETag: W/"2ec7a52def7191bcd9520bd3b5bf7fa6"
1 < Status: 200 OK
1 < Vary: Origin
1 < X-Content-Type-Options: nosniff
1 < X-Frame-Options: SAMEORIGIN
1 < X-Powered-By: Phusion Passenger 4.0.60
1 < X-Request-Id: fb45ccd6-23c9-4f52-96c3-ea1460363091
1 < X-Runtime: 0.664940
1 < X-XSS-Protection: 1; mode=block
1 < CF-Cache-Status: DYNAMIC
1 < Expect-CT: max-age=604800, report-uri="https://report-uri.cloudflare.com/cdn-cgi/beacon/expect-ct"
1 < Report-To: {"endpoints":[{"url":"https:\/\/a.nel.cloudflare.com\/report\/v2?s=vU0CAxnITtJFmuWzG3Sdf%2Bm3x%2B5QlG9n0HdKaNaBjYI5tbUqzPa0Kqs%2B%2Bm7kSGb7qKesIRvWtFuW5RxJRjz0sHv7CHmrx5Yc9MV%2FAKNiKkEYLK26LeMnylNgPbJT3RJesCbkE0cQxJ4%3D"}],"group":"cf-nel","max_age":604800}
1 < NEL: {"report_to":"cf-nel","max_age":604800}
1 < Server: cloudflare
1 < CF-RAY: 6686db2b9cddd463-HAM
1 < alt-svc: h3-27=":443"; ma=86400, h3-28=":443"; ma=86400, h3-29=":443"; ma=86400, h3=":443"; ma=86400
{"articlesCount":500,"articles":[{"tagList":[],"createdAt":"2021-07-02T08:57:57.108Z","author":{"image":"https:\/\/millionstatusov.ru\/pic\/statpic\/all8\/5e04c21a52a39.jpg","following":false,"bio":"Cupidatat possimus ","username":"Cupidatat possimus "},"description":"???????? ??????","title":"???????? ??????","body":"????? ??????","favoritesCount":1,"slug":"12-77g5cq","updatedAt":"2021-07-02T09:12:52.227Z","favorited":false},{"tagList":[],"createdAt":"2021-07-02T08:44:11.740Z","author":{"image":"https:\/\/static.productionready.io\/images\/smiley-cyrus.jpg","following":false,"bio":null,"username":"TestTask"},"description":"fjh","title":"fghgf","body":"ghjtiukj","favoritesCount":1,"slug":"fghgf-1ctrh","updatedAt":"2021-07-02T08:44:11.740Z","favorited":false},{"tagList":[],"createdAt":"2021-07-02T08:41:56.116Z","author":{"image":"https:\/\/static.productionready.io\/images\/smiley-cyrus.jpg","following":false,"bio":null,"username":"practice_test"},"description":"Test 1","title":"Test","body":"Test 2","favoritesCount":2,"slug":"test-ifaulq","updatedAt":"2021-07-02T08:41:56.116Z","favorited":false},{"tagList":[],"createdAt":"2021-07-02T08:37:55.185Z","author":{"image":"https:\/\/static.productionready.io\/images\/smiley-cyrus.jpg","following":false,"bio":null,"username":"practice_test"},"description":"Test 1","title":"Test","body":"Test 2","favoritesCount":2,"slug":"test-5f7vz","updatedAt":"2021-07-02T08:37:55.185Z","favorited":false},{"tagList":["df"],"createdAt":"2021-07-02T08:37:18.848Z","author":{"image":"https:\/\/static.productionready.io\/images\/smiley-cyrus.jpg","following":false,"bio":null,"username":"Test41016"},"description":"descripton","title":"Title","body":"dsdf","favoritesCount":1,"slug":"title-vtqx4p","updatedAt":"2021-07-02T08:37:18.848Z","favorited":false},{"tagList":["tag2","tag1"],"createdAt":"2021-07-02T08:34:07.946Z","author":{"image":"https:\/\/static.productionready.io\/images\/smiley-cyrus.jpg","following":false,"bio":null,"username":"Test41016"},"description":"description","title":"Title","body":"body","favoritesCount":2,"slug":"title-oldu3f","updatedAt":"2021-07-02T08:34:07.946Z","favorited":false},{"tagList":[],"createdAt":"2021-07-02T08:32:03.427Z","author":{"image":"https:\/\/static.productionready.io\/images\/smiley-cyrus.jpg","following":false,"bio":null,"username":"practice_test"},"description":"Test 1","title":"Test","body":"Test 2","favoritesCount":3,"slug":"test-bw8onx","updatedAt":"2021-07-02T08:32:03.427Z","favorited":false},{"tagList":["sklcksa"],"createdAt":"2021-07-02T08:22:08.706Z","author":{"image":"https:\/\/static.productionready.io\/images\/smiley-cyrus.jpg","following":false,"bio":null,"username":"tests02072000111"},"description":"aaaaa","title":"aaaa","body":"sakukaaa","favoritesCount":2,"slug":"aaaa-aptdrf","updatedAt":"2021-07-02T08:22:08.706Z","favorited":false},{"tagList":["tag2","tag1 tag2"],"createdAt":"2021-07-02T08:15:08.469Z","author":{"image":"https:\/\/static.productionready.io\/images\/smiley-cyrus.jpg","following":false,"bio":null,"username":"Test41016"},"description":"Description","title":"Title","body":"Body","favoritesCount":1,"slug":"title-ns11ec","updatedAt":"2021-07-02T08:15:08.469Z","favorited":false},{"tagList":[],"createdAt":"2021-07-02T08:05:40.218Z","author":{"image":"https:\/\/static.productionready.io\/images\/smiley-cyrus.jpg","following":false,"bio":null,"username":"peshocypressa123"},"description":"This is a description","title":"This is a title","body":"This is a body of the Article","favoritesCount":0,"slug":"this-is-a-title-h4oq5w","updatedAt":"2021-07-02T08:05:40.218Z","favorited":false}]}
11:30:42.076 [com.intuit.karate.cli.Main.main()] INFO  com.intuit.karate.Suite - <<pass>> feature 1 of 1 (0 remaining) src/test/java/conduitApp/feature/HomePage.feature
